<Assertion ID="_020a271f-be04-4378-84ce-0a3ccae065c1" IssueInstant="2017-05-30T15:05:02.399Z" Version="2.0" xmlns="urn:oasis:names:tc:SAML:2.0:assertion"><Issuer>https://saml.test-nemlog-in.dk/</Issuer><ds:Signature xmlns:ds="http://www.w3.org/2000/09/xmldsig#"><ds:SignedInfo><ds:CanonicalizationMethod Algorithm="http://www.w3.org/2001/10/xml-exc-c14n#" /><ds:SignatureMethod Algorithm="http://www.w3.org/2000/09/xmldsig#rsa-sha1" /><ds:Reference URI="#_020a271f-be04-4378-84ce-0a3ccae065c1"><ds:Transforms><ds:Transform Algorithm="http://www.w3.org/2000/09/xmldsig#enveloped-signature" /><ds:Transform Algorithm="http://www.w3.org/2001/10/xml-exc-c14n#" /></ds:Transforms><ds:DigestMethod Algorithm="http://www.w3.org/2000/09/xmldsig#sha1" /><ds:DigestValue>6UZVb4HVf9GeHkRmk0mcIDhEWV0=</ds:DigestValue></ds:Reference></ds:SignedInfo><ds:SignatureValue>MrZFVLQV9wIM77WT+Z3QFD85kgrDswYMd4i36FOK0yCv+OGkLpJbpDxgXsMfX3vwUrlVksxOQLSphlYrKqesqROXT8vgkSAXfTBBLKCBdg+zGS/KgGUCx83+U+7P+3MsnWJaDbS5EeCfSAqvnkfUGyd8W8RygApkPvbs/ZDRif1gcGI7Gxqqdn+rXiFd0JXsjrn+J8QWoBrDxIP74ERrFc15HgXpc/gkUxC+5cxy/4HEDWpqMCqPX/MNpAjDk4coz5WkpLMUEQG+g2CxEr9KX+vXUacCSS7aYx8kHtiBQUNiXJ9E0RVB9PxuAIWYZh/L4eWmKfahWo6P16bBwHcufA==</ds:SignatureValue><KeyInfo xmlns="http://www.w3.org/2000/09/xmldsig#"><ds:X509Data><ds:X509Certificate>MIIGKTCCBRGgAwIBAgIEWBkD8TANBgkqhkiG9w0BAQsFADBHMQswCQYDVQQGEwJESzESMBAGA1UECgwJVFJVU1QyNDA4MSQwIgYDVQQDDBtUUlVTVDI0MDggU3lzdGVtdGVzdCBYSVggQ0EwHhcNMTcwNDIwMDgxODU2WhcNMjAwNDIwMDgxODI2WjCBljELMAkGA1UEBhMCREsxMTAvBgNVBAoMKERpZ2l0YWxpc2VyaW5nc3N0eXJlbHNlbiAvLyBDVlI6MzQwNTExNzgxVDAgBgNVBAUTGUNWUjozNDA1MTE3OC1GSUQ6NTY5NDA0MTMwMAYDVQQDDClOZW1Mb2ctaW4gQURGUyBUZXN0IChmdW5rdGlvbnNjZXJ0aWZpa2F0KTCCASIwDQYJKoZIhvcNAQEBBQADggEPADCCAQoCggEBAJu6nF+J1+5LfnOcF1IetAM6RD9WA+5SPbfmMZFctyg4yifZL2ppkW7XUB5AUdZsFHpqFbZkTKbCeZFJIpiraeBDQZtHt7mdHtL8/UF262FCGZdIqP77Kct323rhYcQqd9HfU5iHJZJ1D+H2zNdhqxnEGsTHivvg5Q2qtTUNh+nZqoAeBxPKEg3pHkhrs4QXqPPK+yBEcO8skhqdpMuHBWzo0ciUKz/S8oqO7y8wySqR2p6tZCVIMJg6gqwNeUzbxOPRy1MDk2KXNXdI6xGXtYQ/nUNnxSUl99/Dx0NxEXxMynZ6dJIL0RtqTfawtmGeR25LC3iE0WoLaeNBgTnmyj8CAwEAAaOCAsswggLHMA4GA1UdDwEB/wQEAwIDuDCBlwYIKwYBBQUHAQEEgYowgYcwPAYIKwYBBQUHMAGGMGh0dHA6Ly9vY3NwLnN5c3RlbXRlc3QxOS50cnVzdDI0MDguY29tL3Jlc3BvbmRlcjBHBggrBgEFBQcwAoY7aHR0cDovL2YuYWlhLnN5c3RlbXRlc3QxOS50cnVzdDI0MDguY29tL3N5c3RlbXRlc3QxOS1jYS5jZXIwggEgBgNVHSAEggEXMIIBEzCCAQ8GDSsGAQQBgfRRAgQGBAIwgf0wLwYIKwYBBQUHAgEWI2h0dHA6Ly93d3cudHJ1c3QyNDA4LmNvbS9yZXBvc2l0b3J5MIHJBggrBgEFBQcCAjCBvDAMFgVEYW5JRDADAgEBGoGrRGFuSUQgdGVzdCBjZXJ0aWZpa2F0ZXIgZnJhIGRlbm5lIENBIHVkc3RlZGVzIHVuZGVyIE9JRCAxLjMuNi4xLjQuMS4zMTMxMy4yLjQuNi40LjIuIERhbklEIHRlc3QgY2VydGlmaWNhdGVzIGZyb20gdGhpcyBDQSBhcmUgaXNzdWVkIHVuZGVyIE9JRCAxLjMuNi4xLjQuMS4zMTMxMy4yLjQuNi40LjIuMIGrBgNVHR8EgaMwgaAwPKA6oDiGNmh0dHA6Ly9jcmwuc3lzdGVtdGVzdDE5LnRydXN0MjQwOC5jb20vc3lzdGVtdGVzdDE5LmNybDBgoF6gXKRaMFgxCzAJBgNVBAYTAkRLMRIwEAYDVQQKDAlUUlVTVDI0MDgxJDAiBgNVBAMMG1RSVVNUMjQwOCBTeXN0ZW10ZXN0IFhJWCBDQTEPMA0GA1UEAwwGQ1JMMTA2MB8GA1UdIwQYMBaAFMwCVQzkgXSvIFTVERRXnJFSOH+gMB0GA1UdDgQWBBRn40IAgUyGNBLIe9WVpg4dp2w6rzAJBgNVHRMEAjAAMA0GCSqGSIb3DQEBCwUAA4IBAQANLBO8hF+ZyxkHZryhp6hLIPi9tH2TWZNYvv/Y9NW/tWWmVYkgNNAecwpYsm5EzMAmlJiYF0KxZZ0jMIcyUM1q6aG8TOnym8nDKw7kXNegLjH7ZO/uhPabRtCaJmyrYUnwRjgHVmB2h8rsfqV3ACdCAROG8OSSgFdMs9hTHLQLOBxnbhXD+Ohv8taArKnXvgSEb4jbYa78SJ+WD/8Ov3CIlm/iABbTwPOu1oqa+2c3mURzgEZZlUAb8sor+0Ig1QW3zicDcIVVVk+EmV9SUMxOR437wTJ2KYvU6XziTupCgMWLmrY52lIJ+uS4XMNmxoc60ajUyUZXFYEhVQkH85Qv</ds:X509Certificate></ds:X509Data></KeyInfo></ds:Signature><Subject><NameID Format="urn:oasis:names:tc:SAML:1.1:nameid-format:X509SubjectName">C=DK,O=LAKESIDE A/S // CVR:25450442,CN=Ane Kjær Rasmussen,Serial=CVR:25450442-RID:76241773</NameID><SubjectConfirmation Method="urn:oasis:names:tc:SAML:2.0:cm:bearer"><SubjectConfirmationData InResponseTo="idae8714bf733f41db81b09d0e804adf8c" NotOnOrAfter="2017-05-30T15:10:02.399Z" Recipient="https://sp1.test-nemlog-in.dk/demo/login.ashx" /></SubjectConfirmation></Subject><Conditions NotBefore="2017-05-30T15:00:02.337Z" NotOnOrAfter="2017-05-30T16:00:02.337Z"><AudienceRestriction><Audience>https://saml.sp1.test-nemlog-in.dk/</Audience></AudienceRestriction></Conditions><AttributeStatement><Attribute Name="dk:gov:saml:attribute:AssuranceLevel" NameFormat="urn:oasis:names:tc:SAML:2.0:attrname-format:basic"><AttributeValue>3</AttributeValue></Attribute><Attribute Name="urn:oid:2.5.29.29" NameFormat="urn:oasis:names:tc:SAML:2.0:attrname-format:basic"><AttributeValue>CN=TRUST2408 Systemtest XIX CA, O=TRUST2408, C=DK</AttributeValue></Attribute><Attribute Name="urn:oid:2.5.4.3" NameFormat="urn:oasis:names:tc:SAML:2.0:attrname-format:basic"><AttributeValue>Ane Kjær Rasmussen</AttributeValue></Attribute><Attribute Name="dk:gov:saml:attribute:CvrNumberIdentifier" NameFormat="urn:oasis:names:tc:SAML:2.0:attrname-format:basic"><AttributeValue>25450442</AttributeValue></Attribute><Attribute Name="urn:oid:2.5.4.10" NameFormat="urn:oasis:names:tc:SAML:2.0:attrname-format:basic"><AttributeValue>LAKESIDE A/S // CVR:25450442</AttributeValue></Attribute><Attribute Name="dk:gov:saml:attribute:RidNumberIdentifier" NameFormat="urn:oasis:names:tc:SAML:2.0:attrname-format:basic"><AttributeValue>76241773</AttributeValue></Attribute><Attribute Name="urn:oid:2.5.4.5" NameFormat="urn:oasis:names:tc:SAML:2.0:attrname-format:basic"><AttributeValue>5818C690</AttributeValue></Attribute><Attribute Name="dk:gov:saml:attribute:SpecVer" NameFormat="urn:oasis:names:tc:SAML:2.0:attrname-format:basic"><AttributeValue>DK-SAML-2.0</AttributeValue></Attribute><Attribute Name="urn:oid:0.9.2342.19200300.100.1.1" NameFormat="urn:oasis:names:tc:SAML:2.0:attrname-format:basic"><AttributeValue>CVR:25450442-RID:76241773</AttributeValue></Attribute><Attribute Name="urn:oid:2.5.4.4" NameFormat="urn:oasis:names:tc:SAML:2.0:attrname-format:basic"><AttributeValue /></Attribute><Attribute Name="urn:oid:1.3.6.1.4.1.1466.115.121.1.8" NameFormat="urn:oasis:names:tc:SAML:2.0:attrname-format:basic"><AttributeValue>MIIGIjCCBQqgAwIBAgIEWBjGkDANBgkqhkiG9w0BAQsFADBHMQswCQYDVQQGEwJESzESMBAGA1UECgwJVFJVU1QyNDA4MSQwIgYDVQQDDBtUUlVTVDI0MDggU3lzdGVtdGVzdCBYSVggQ0EwHhcNMTcwMjAyMTMyNDE4WhcNMjAwMjAxMTQzMDU4WjB0MQswCQYDVQQGEwJESzElMCMGA1UECgwcTEFLRVNJREUgQS9TIC8vIENWUjoyNTQ1MDQ0MjE+MBoGA1UEAwwTQW5lIEtqw6ZyIFJhc211c3NlbjAgBgNVBAUTGUNWUjoyNTQ1MDQ0Mi1SSUQ6NzYyNDE3NzMwggEiMA0GCSqGSIb3DQEBAQUAA4IBDwAwggEKAoIBAQCXOLaMdch99pmdO4Vv9qjbGnOVoW+Do6bajGTbdywpZ6MWjV4khpaEfb4GOa+c/BJSf/Dg3U35+7k8jMg29F6qLnW5WltfY5CntSj3k5zv2bu/m9qgRGTtxsS5Dxyp7serYwbjn1M+J9ehpM7QHz+gzzvL4zyQxtxzCetxoqaoJP7XGsLgFMRuqVFYrcrfSFvX0q7h0NKiq5Y0G5v9bcdnEe59m1ynh7nNHKjLcNjzlRWcb/GLrvVRl4mG0MA33XVX98VVlyCaKr/N8sh8pozzX/1UCaUb//083I4WxZSesRhGu6NBa05jaTTtgHz2Ii2XVB7GnkUlNJOYuKeTBtgrAgMBAAGjggLnMIIC4zAOBgNVHQ8BAf8EBAMCA/gwgZcGCCsGAQUFBwEBBIGKMIGHMDwGCCsGAQUFBzABhjBodHRwOi8vb2NzcC5zeXN0ZW10ZXN0MTkudHJ1c3QyNDA4LmNvbS9yZXNwb25kZXIwRwYIKwYBBQUHMAKGO2h0dHA6Ly9tLmFpYS5zeXN0ZW10ZXN0MTkudHJ1c3QyNDA4LmNvbS9zeXN0ZW10ZXN0MTktY2EuY2VyMIIBIAYDVR0gBIIBFzCCARMwggEPBg0rBgEEAYH0UQIEBgIFMIH9MC8GCCsGAQUFBwIBFiNodHRwOi8vd3d3LnRydXN0MjQwOC5jb20vcmVwb3NpdG9yeTCByQYIKwYBBQUHAgIwgbwwDBYFRGFuSUQwAwIBARqBq0RhbklEIHRlc3QgY2VydGlmaWthdGVyIGZyYSBkZW5uZSBDQSB1ZHN0ZWRlcyB1bmRlciBPSUQgMS4zLjYuMS40LjEuMzEzMTMuMi40LjYuMi41LiBEYW5JRCB0ZXN0IGNlcnRpZmljYXRlcyBmcm9tIHRoaXMgQ0EgYXJlIGlzc3VlZCB1bmRlciBPSUQgMS4zLjYuMS40LjEuMzEzMTMuMi40LjYuMi41LjAbBgNVHREEFDASgRBhbm5pQGxha2VzaWRlLmRrMIGqBgNVHR8EgaIwgZ8wPKA6oDiGNmh0dHA6Ly9jcmwuc3lzdGVtdGVzdDE5LnRydXN0MjQwOC5jb20vc3lzdGVtdGVzdDE5LmNybDBfoF2gW6RZMFcxCzAJBgNVBAYTAkRLMRIwEAYDVQQKDAlUUlVTVDI0MDgxJDAiBgNVBAMMG1RSVVNUMjQwOCBTeXN0ZW10ZXN0IFhJWCBDQTEOMAwGA1UEAwwFQ1JMOTcwHwYDVR0jBBgwFoAUzAJVDOSBdK8gVNURFFeckVI4f6AwHQYDVR0OBBYEFP3o9+6kYgOP13uZpAMXqgaoqMdnMAkGA1UdEwQCMAAwDQYJKoZIhvcNAQELBQADggEBADCVGwEsN8rck5zJgXuwWbvmMRtG1nRxMPI98CxlHZLrzU8DWQsdx8jh84JB0XimAKYtWZTHI1Qrmer00BmRUtpDI9J+zjykwtCscK+FuoK8meBMsP99bzf5nlVOmhNh/dG+eyZ525zRKbBR48NLv1E/OnhI7TYl/FNzdXI5M2fJOj6U6jqN32+RKry+CK5/7WwYcIG44+ESKUpuVt9yYmrjQgc9ogkwNu2fImlZypDE41mNBwwArN9ZY5IOOvWyU4V0Ut8O1pb7DRgXsweO7+55e7Ucynk5kvdu7qE1Fg2trFjLac+Uv5hmhoDx1wiubfiETB7muojFoJl9x1yL1Kk=</AttributeValue></Attribute><Attribute Name="dk:gov:saml:attribute:ProductionUnitIdentifier" NameFormat="urn:oasis:names:tc:SAML:2.0:attrname-format:basic"><AttributeValue /></Attribute><Attribute Name="dk:gov:saml:attribute:SENumberIdentifier" NameFormat="urn:oasis:names:tc:SAML:2.0:attrname-format:basic"><AttributeValue /></Attribute><Attribute Name="dk:gov:saml:attribute:UserAdministratorIndicator" NameFormat="urn:oasis:names:tc:SAML:2.0:attrname-format:basic"><AttributeValue /></Attribute><Attribute Name="urn:oid:0.9.2342.19200300.100.1.3" NameFormat="urn:oasis:names:tc:SAML:2.0:attrname-format:basic"><AttributeValue>anni@lakeside.dk</AttributeValue></Attribute><Attribute Name="dk:gov:saml:attribute:CprNumberIdentifier" NameFormat="urn:oasis:names:tc:SAML:2.0:attrname-format:basic"><AttributeValue>0310808520</AttributeValue></Attribute><Attribute Name="urn:liberty:disco:2006-08:DiscoveryEPR"><AttributeValue>PEFzc2VydGlvbiBJRD0iX2Q4YjJhZDJjLWNkMjktNDdkMi1iMjY0LTMyMWY0OWZmNzhiMiIgSXNzdWVJbnN0YW50PSIyMDE3LTA1LTMwVDE1OjA1OjAyLjM4NFoiIFZlcnNpb249IjIuMCIgeG1sbnM9InVybjpvYXNpczpuYW1lczp0YzpTQU1MOjIuMDphc3NlcnRpb24iPjxJc3N1ZXI+aHR0cHM6Ly9zYW1sLm5lbWxvZy1pbi5kazwvSXNzdWVyPjxkczpTaWduYXR1cmUgeG1sbnM6ZHM9Imh0dHA6Ly93d3cudzMub3JnLzIwMDAvMDkveG1sZHNpZyMiPjxkczpTaWduZWRJbmZvPjxkczpDYW5vbmljYWxpemF0aW9uTWV0aG9kIEFsZ29yaXRobT0iaHR0cDovL3d3dy53My5vcmcvMjAwMS8xMC94bWwtZXhjLWMxNG4jIiAvPjxkczpTaWduYXR1cmVNZXRob2QgQWxnb3JpdGhtPSJodHRwOi8vd3d3LnczLm9yZy8yMDAxLzA0L3htbGRzaWctbW9yZSNyc2Etc2hhMjU2IiAvPjxkczpSZWZlcmVuY2UgVVJJPSIjX2Q4YjJhZDJjLWNkMjktNDdkMi1iMjY0LTMyMWY0OWZmNzhiMiI+PGRzOlRyYW5zZm9ybXM+PGRzOlRyYW5zZm9ybSBBbGdvcml0aG09Imh0dHA6Ly93d3cudzMub3JnLzIwMDAvMDkveG1sZHNpZyNlbnZlbG9wZWQtc2lnbmF0dXJlIiAvPjxkczpUcmFuc2Zvcm0gQWxnb3JpdGhtPSJodHRwOi8vd3d3LnczLm9yZy8yMDAxLzEwL3htbC1leGMtYzE0biMiIC8+PC9kczpUcmFuc2Zvcm1zPjxkczpEaWdlc3RNZXRob2QgQWxnb3JpdGhtPSJodHRwOi8vd3d3LnczLm9yZy8yMDAxLzA0L3htbGVuYyNzaGEyNTYiIC8+PGRzOkRpZ2VzdFZhbHVlPktlaVRwbmE1WDJpTktLa24wSVZhZGNWVE9aQVM4SUVjZzk2dEEyQlR4WWs9PC9kczpEaWdlc3RWYWx1ZT48L2RzOlJlZmVyZW5jZT48L2RzOlNpZ25lZEluZm8+PGRzOlNpZ25hdHVyZVZhbHVlPkptbUhTRVU0V2FNeG14UlM2a0ZZYm9ONDFHK3htNy9rV1Q0ZnBxc3U0bDlQbDMzcEtHZFowUnlnRUdCUGpBdFliNGF4bnBCc1NaV1lkSEsyVDJrNHEyRXl0YkY2RDVRTzNuSTF5cVJJUVlyMjh5d0diamtFVGlneGF0ZjRlM0NGd3VkS2lQTWhaQ3FlUmpsc3RTdmpjMTgyTE41U0crOW1QSVdCaENwQVRtMGNjYjdRWDYycGtib2JFOXdLcEM0d3dQV0d1aGVaUWhZaEFlcnkvc2NjS0UySE9GQTJrSVM2dE5iUmZ6T1ppK255Nm5aWTZVQlhVS2ZkSnphakdvTE5QL2xJQ25YYW9PSll4MEJBeDloR3dHSkxoZXIrd1F3a0VTVjZwWGk2b29XYXZ5MFJUb0IyMTRvVjM0WXJtNVRNM21VSVRlTU9tMm9rQm5aZVNoMHg5Zz09PC9kczpTaWduYXR1cmVWYWx1ZT48S2V5SW5mbyB4bWxucz0iaHR0cDovL3d3dy53My5vcmcvMjAwMC8wOS94bWxkc2lnIyI+PFg1MDlEYXRhPjxYNTA5Q2VydGlmaWNhdGU+TUlJR0tUQ0NCUkdnQXdJQkFnSUVXQmtEOFRBTkJna3Foa2lHOXcwQkFRc0ZBREJITVFzd0NRWURWUVFHRXdKRVN6RVNNQkFHQTFVRUNnd0pWRkpWVTFReU5EQTRNU1F3SWdZRFZRUUREQnRVVWxWVFZESTBNRGdnVTNsemRHVnRkR1Z6ZENCWVNWZ2dRMEV3SGhjTk1UY3dOREl3TURneE9EVTJXaGNOTWpBd05ESXdNRGd4T0RJMldqQ0JsakVMTUFrR0ExVUVCaE1DUkVzeE1UQXZCZ05WQkFvTUtFUnBaMmwwWVd4cGMyVnlhVzVuYzNOMGVYSmxiSE5sYmlBdkx5QkRWbEk2TXpRd05URXhOemd4VkRBZ0JnTlZCQVVUR1VOV1Vqb3pOREExTVRFM09DMUdTVVE2TlRZNU5EQTBNVE13TUFZRFZRUUREQ2xPWlcxTWIyY3RhVzRnUVVSR1V5QlVaWE4wSUNobWRXNXJkR2x2Ym5OalpYSjBhV1pwYTJGMEtUQ0NBU0l3RFFZSktvWklodmNOQVFFQkJRQURnZ0VQQURDQ0FRb0NnZ0VCQUp1Nm5GK0oxKzVMZm5PY0YxSWV0QU02UkQ5V0ErNVNQYmZtTVpGY3R5ZzR5aWZaTDJwcGtXN1hVQjVBVWRac0ZIcHFGYlprVEtiQ2VaRkpJcGlyYWVCRFFadEh0N21kSHRMOC9VRjI2MkZDR1pkSXFQNzdLY3QzMjNyaFljUXFkOUhmVTVpSEpaSjFEK0gyek5kaHF4bkVHc1RIaXZ2ZzVRMnF0VFVOaCtuWnFvQWVCeFBLRWczcEhraHJzNFFYcVBQSyt5QkVjTzhza2hxZHBNdUhCV3pvMGNpVUt6L1M4b3FPN3k4d3lTcVIycDZ0WkNWSU1KZzZncXdOZVV6YnhPUFJ5MU1EazJLWE5YZEk2eEdYdFlRL25VTm54U1VsOTkvRHgwTnhFWHhNeW5aNmRKSUwwUnRxVGZhd3RtR2VSMjVMQzNpRTBXb0xhZU5CZ1RubXlqOENBd0VBQWFPQ0Fzc3dnZ0xITUE0R0ExVWREd0VCL3dRRUF3SUR1RENCbHdZSUt3WUJCUVVIQVFFRWdZb3dnWWN3UEFZSUt3WUJCUVVITUFHR01HaDBkSEE2THk5dlkzTndMbk41YzNSbGJYUmxjM1F4T1M1MGNuVnpkREkwTURndVkyOXRMM0psYzNCdmJtUmxjakJIQmdnckJnRUZCUWN3QW9ZN2FIUjBjRG92TDJZdVlXbGhMbk41YzNSbGJYUmxjM1F4T1M1MGNuVnpkREkwTURndVkyOXRMM041YzNSbGJYUmxjM1F4T1MxallTNWpaWEl3Z2dFZ0JnTlZIU0FFZ2dFWE1JSUJFekNDQVE4R0RTc0dBUVFCZ2ZSUkFnUUdCQUl3Z2Ywd0x3WUlLd1lCQlFVSEFnRVdJMmgwZEhBNkx5OTNkM2N1ZEhKMWMzUXlOREE0TG1OdmJTOXlaWEJ2YzJsMGIzSjVNSUhKQmdnckJnRUZCUWNDQWpDQnZEQU1GZ1ZFWVc1SlJEQURBZ0VCR29HclJHRnVTVVFnZEdWemRDQmpaWEowYVdacGEyRjBaWElnWm5KaElHUmxibTVsSUVOQklIVmtjM1JsWkdWeklIVnVaR1Z5SUU5SlJDQXhMak11Tmk0eExqUXVNUzR6TVRNeE15NHlMalF1Tmk0MExqSXVJRVJoYmtsRUlIUmxjM1FnWTJWeWRHbG1hV05oZEdWeklHWnliMjBnZEdocGN5QkRRU0JoY21VZ2FYTnpkV1ZrSUhWdVpHVnlJRTlKUkNBeExqTXVOaTR4TGpRdU1TNHpNVE14TXk0eUxqUXVOaTQwTGpJdU1JR3JCZ05WSFI4RWdhTXdnYUF3UEtBNm9EaUdObWgwZEhBNkx5OWpjbXd1YzNsemRHVnRkR1Z6ZERFNUxuUnlkWE4wTWpRd09DNWpiMjB2YzNsemRHVnRkR1Z6ZERFNUxtTnliREJnb0Y2Z1hLUmFNRmd4Q3pBSkJnTlZCQVlUQWtSTE1SSXdFQVlEVlFRS0RBbFVVbFZUVkRJME1EZ3hKREFpQmdOVkJBTU1HMVJTVlZOVU1qUXdPQ0JUZVhOMFpXMTBaWE4wSUZoSldDQkRRVEVQTUEwR0ExVUVBd3dHUTFKTU1UQTJNQjhHQTFVZEl3UVlNQmFBRk13Q1ZRemtnWFN2SUZUVkVSUlhuSkZTT0grZ01CMEdBMVVkRGdRV0JCUm40MElBZ1V5R05CTEllOVdWcGc0ZHAydzZyekFKQmdOVkhSTUVBakFBTUEwR0NTcUdTSWIzRFFFQkN3VUFBNElCQVFBTkxCTzhoRitaeXhrSFpyeWhwNmhMSVBpOXRIMlRXWk5ZdnYvWTlOVy90V1dtVllrZ05OQWVjd3BZc201RXpNQW1sSmlZRjBLeFpaMGpNSWN5VU0xcTZhRzhUT255bThuREt3N2tYTmVnTGpIN1pPL3VoUGFiUnRDYUpteXJZVW53UmpnSFZtQjJoOHJzZnFWM0FDZENBUk9HOE9TU2dGZE1zOWhUSExRTE9CeG5iaFhEK09odjh0YUFyS25YdmdTRWI0amJZYTc4U0orV0QvOE92M0NJbG0vaUFCYlR3UE91MW9xYSsyYzNtVVJ6Z0VaWmxVQWI4c29yKzBJZzFRVzN6aWNEY0lWVlZrK0VtVjlTVU14T1I0Mzd3VEoyS1l2VTZYemlUdXBDZ01XTG1yWTUybElKK3VTNFhNTm14b2M2MGFqVXlVWlhGWUVoVlFrSDg1UXY8L1g1MDlDZXJ0aWZpY2F0ZT48L1g1MDlEYXRhPjwvS2V5SW5mbz48L2RzOlNpZ25hdHVyZT48U3ViamVjdD48TmFtZUlEIEZvcm1hdD0idXJuOm9hc2lzOm5hbWVzOnRjOlNBTUw6MS4xOm5hbWVpZC1mb3JtYXQ6WDUwOVN1YmplY3ROYW1lIj5DPURLLE89TEFLRVNJREUgQS9TIC8vIENWUjoyNTQ1MDQ0MixDTj1BbmUgS2rDpnIgUmFzbXVzc2VuLFNlcmlhbD1DVlI6MjU0NTA0NDItUklEOjc2MjQxNzczPC9OYW1lSUQ+PFN1YmplY3RDb25maXJtYXRpb24gTWV0aG9kPSJ1cm46b2FzaXM6bmFtZXM6dGM6U0FNTDoyLjA6Y206aG9sZGVyLW9mLWtleSI+PFN1YmplY3RDb25maXJtYXRpb25EYXRhIGE6dHlwZT0iS2V5SW5mb0NvbmZpcm1hdGlvbkRhdGFUeXBlIiB4bWxuczphPSJodHRwOi8vd3d3LnczLm9yZy8yMDAxL1hNTFNjaGVtYS1pbnN0YW5jZSI+PEtleUluZm8geG1sbnM9Imh0dHA6Ly93d3cudzMub3JnLzIwMDAvMDkveG1sZHNpZyMiPjxYNTA5RGF0YT48WDUwOUNlcnRpZmljYXRlPk1JSUdIVENDQlFXZ0F3SUJBZ0lFVXhBWHFEQU5CZ2txaGtpRzl3MEJBUXNGQURCSE1Rc3dDUVlEVlFRR0V3SkVTekVTTUJBR0ExVUVDZ3dKVkZKVlUxUXlOREE0TVNRd0lnWURWUVFEREJ0VVVsVlRWREkwTURnZ1UzbHpkR1Z0ZEdWemRDQllTVmdnUTBFd0hoY05NVFV3T0RJNE1UQTFOVEUyV2hjTk1UZ3dPREk0TVRBMU5ESXpXakNCaXpFTE1Ba0dBMVVFQmhNQ1JFc3hNVEF2QmdOVkJBb01LRVJwWjJsMFlXeHBjMlZ5YVc1bmMzTjBlWEpsYkhObGJpQXZMeUJEVmxJNk16UXdOVEV4TnpneFNUQWdCZ05WQkFVVEdVTldVam96TkRBMU1URTNPQzFHU1VRNk16TTJPVEEzTURBd0pRWURWUVFEREI1VFVERWdWRVZUVkNBb1puVnVhM1JwYjI1elkyVnlkR2xtYVd0aGRDa3dnZ0VpTUEwR0NTcUdTSWIzRFFFQkFRVUFBNElCRHdBd2dnRUtBb0lCQVFDWnFGWjlaY0dMNGtUcFgvY29YYmxIKzBtL3hJUU9zSzZsVmlFWFQzbkNWa2tmaFo0QkJkT2lqWTlPaFJYTDdxeDF1alVBTVhIbU1WNXJaUlRYTXltR09ITExjQVdVNGlIWjlBMlJlTzFNL0FxaFJrR2JoWFRZRXJtZ1pHOEtqRFkxNWlVZThpM1g4bTM1TnBtZzZ3dXVGNTJrdCtJSHdmRE9CYzJRWHNJVU04SVdySVU0MnlUbGNITEhBcXRmdzNjNTBPbElnT1V1WWNDNkF3dVc4d2h1blVZelRjWUI4VS9YTzBIRU5OUTBWYmtSUFdSSkFTWFQ0RXdna0F5NXphMkhuVFJYSzViVTRZTnNLRnNYaEY0SVFqaElSWHh4ZEJ6M2tROENWWEVLa0pXbG4rZE9rRVpPQUpQQ2FBcHBoNS9EN2NmOVBzMXhweStuaDZYZXM1V1JBZ01CQUFHamdnTEtNSUlDeGpBT0JnTlZIUThCQWY4RUJBTUNBN2d3Z1pjR0NDc0dBUVVGQndFQkJJR0tNSUdITUR3R0NDc0dBUVVGQnpBQmhqQm9kSFJ3T2k4dmIyTnpjQzV6ZVhOMFpXMTBaWE4wTVRrdWRISjFjM1F5TkRBNExtTnZiUzl5WlhOd2IyNWtaWEl3UndZSUt3WUJCUVVITUFLR08yaDBkSEE2THk5bUxtRnBZUzV6ZVhOMFpXMTBaWE4wTVRrdWRISjFjM1F5TkRBNExtTnZiUzl6ZVhOMFpXMTBaWE4wTVRrdFkyRXVZMlZ5TUlJQklBWURWUjBnQklJQkZ6Q0NBUk13Z2dFUEJnMHJCZ0VFQVlIMFVRSUVCZ1FDTUlIOU1DOEdDQ3NHQVFVRkJ3SUJGaU5vZEhSd09pOHZkM2QzTG5SeWRYTjBNalF3T0M1amIyMHZjbVZ3YjNOcGRHOXllVENCeVFZSUt3WUJCUVVIQWdJd2did3dEQllGUkdGdVNVUXdBd0lCQVJxQnEwUmhia2xFSUhSbGMzUWdZMlZ5ZEdsbWFXdGhkR1Z5SUdaeVlTQmtaVzV1WlNCRFFTQjFaSE4wWldSbGN5QjFibVJsY2lCUFNVUWdNUzR6TGpZdU1TNDBMakV1TXpFek1UTXVNaTQwTGpZdU5DNHlMaUJFWVc1SlJDQjBaWE4wSUdObGNuUnBabWxqWVhSbGN5Qm1jbTl0SUhSb2FYTWdRMEVnWVhKbElHbHpjM1ZsWkNCMWJtUmxjaUJQU1VRZ01TNHpMall1TVM0MExqRXVNekV6TVRNdU1pNDBMall1TkM0eUxqQ0JxZ1lEVlIwZkJJR2lNSUdmTUR5Z09xQTRoalpvZEhSd09pOHZZM0pzTG5ONWMzUmxiWFJsYzNReE9TNTBjblZ6ZERJME1EZ3VZMjl0TDNONWMzUmxiWFJsYzNReE9TNWpjbXd3WDZCZG9GdWtXVEJYTVFzd0NRWURWUVFHRXdKRVN6RVNNQkFHQTFVRUNnd0pWRkpWVTFReU5EQTRNU1F3SWdZRFZRUUREQnRVVWxWVFZESTBNRGdnVTNsemRHVnRkR1Z6ZENCWVNWZ2dRMEV4RGpBTUJnTlZCQU1NQlVOU1RETTRNQjhHQTFVZEl3UVlNQmFBRk13Q1ZRemtnWFN2SUZUVkVSUlhuSkZTT0grZ01CMEdBMVVkRGdRV0JCUUhOQ2JjU1hqaWxzSzIrK1FSNGhuVWllRXpkekFKQmdOVkhSTUVBakFBTUEwR0NTcUdTSWIzRFFFQkN3VUFBNElCQVFBdERuMndLWTdjNGZOQ0dEek5QWWdWdVJUZnN2YnFZR0lGb0VuemF5aEJ6QXRZT2xPTjViTDRLYXBCOS9sQWxzOWJLa0ZTbTFSRmphKzB5WlUyZXgzaXp1WkQyNmppaUlmWThZY2xQZkQvbkxWQVVSMHNJOW5uaDVZVDFuU3ZOKzFVT08vVDdFWktGSlpkZm1ld3d6UUZJZmQwek9BblJzTUxjdTBtbzMzYzVRT1c4bytxVTY1alVRd1VTM2ZIeGZ1eWM0RFliU2trZnFyMW50SHFrMkRjTFdycUF2OU02Kzdpc2g0Rm9aNGRidWJzSzkva3o4Q1NVcXp6REFRSm0xOHl5Q1RaRWdjejc2Yk50cHV6dWRLOXBHcXRaWCs0a2w2Mk9paDBJMjUxZEFqZ283MnduOGY5Y2I2M1ViVDR6UlRKaStlekJTQ0FBdUZMQy9GN2Rua3U8L1g1MDlDZXJ0aWZpY2F0ZT48L1g1MDlEYXRhPjwvS2V5SW5mbz48L1N1YmplY3RDb25maXJtYXRpb25EYXRhPjwvU3ViamVjdENvbmZpcm1hdGlvbj48L1N1YmplY3Q+PENvbmRpdGlvbnMgTm90T25PckFmdGVyPSIyMDE3LTA1LTMwVDE3OjA1OjAyLjM4NFoiPjxBdWRpZW5jZVJlc3RyaWN0aW9uPjxBdWRpZW5jZT5odHRwczovL2Jvb3RzdHJhcC5zdHMubmVtbG9nLWluLmRrLzwvQXVkaWVuY2U+PC9BdWRpZW5jZVJlc3RyaWN0aW9uPjwvQ29uZGl0aW9ucz48QXR0cmlidXRlU3RhdGVtZW50PjxBdHRyaWJ1dGUgTmFtZT0iZGs6bmVtbG9naW46c2FtbDphdHRyaWJ1dGU6SWRQU2Vzc2lvbkluZGV4IiBOYW1lRm9ybWF0PSJ1cm46b2FzaXM6bmFtZXM6dGM6U0FNTDoyLjA6YXR0cm5hbWUtZm9ybWF0OmJhc2ljIj48QXR0cmlidXRlVmFsdWU+ODAtMTUtQjUtMzgtNzctMTktMDQtOUUtNkUtMUYtMkMtRUMtMjAtMTMtNUUtODYtNzItQjItOUQtMjc8L0F0dHJpYnV0ZVZhbHVlPjwvQXR0cmlidXRlPjxBdHRyaWJ1dGUgTmFtZT0iZGs6bmVtbG9naW46c2FtbDphdHRyaWJ1dGU6U3BFbnRpdHlJZCIgTmFtZUZvcm1hdD0idXJuOm9hc2lzOm5hbWVzOnRjOlNBTUw6Mi4wOmF0dHJuYW1lLWZvcm1hdDpiYXNpYyI+PEF0dHJpYnV0ZVZhbHVlPmh0dHBzOi8vc2FtbC5zcDEudGVzdC1uZW1sb2ctaW4uZGsvPC9BdHRyaWJ1dGVWYWx1ZT48L0F0dHJpYnV0ZT48L0F0dHJpYnV0ZVN0YXRlbWVudD48L0Fzc2VydGlvbj4=</AttributeValue></Attribute></AttributeStatement><AuthnStatement AuthnInstant="2017-05-30T15:05:01.916Z" SessionIndex="_020a271f-be04-4378-84ce-0a3ccae065c1"><AuthnContext><AuthnContextClassRef>urn:oasis:names:tc:SAML:2.0:ac:classes:X509</AuthnContextClassRef></AuthnContext></AuthnStatement></Assertion>