<?xml version="1.0" encoding="UTF-8"?>
<!--
  ~ The MIT License
  ~
  ~ Original work sponsored and donated by National Board of e-Health (NSI), Denmark (http://www.nsi.dk)
  ~
  ~ Copyright (C) 2011 National Board of e-Health (NSI), Denmark (http://www.nsi.dk)
  ~
  ~ Permission is hereby granted, free of charge, to any person obtaining a copy of
  ~ this software and associated documentation files (the "Software"), to deal in
  ~ the Software without restriction, including without limitation the rights to
  ~ use, copy, modify, merge, publish, distribute, sublicense, and/or sell copies
  ~ of the Software, and to permit persons to whom the Software is furnished to do
  ~ so, subject to the following conditions:
  ~
  ~ The above copyright notice and this permission notice shall be included in all
  ~ copies or substantial portions of the Software.
  ~
  ~ THE SOFTWARE IS PROVIDED "AS IS", WITHOUT WARRANTY OF ANY KIND, EXPRESS OR
  ~ IMPLIED, INCLUDING BUT NOT LIMITED TO THE WARRANTIES OF MERCHANTABILITY,
  ~ FITNESS FOR A PARTICULAR PURPOSE AND NONINFRINGEMENT. IN NO EVENT SHALL THE
  ~ AUTHORS OR COPYRIGHT HOLDERS BE LIABLE FOR ANY CLAIM, DAMAGES OR OTHER
  ~ LIABILITY, WHETHER IN AN ACTION OF CONTRACT, TORT OR OTHERWISE, ARISING FROM,
  ~ OUT OF OR IN CONNECTION WITH THE SOFTWARE OR THE USE OR OTHER DEALINGS IN THE
  ~ SOFTWARE.
  ~
  ~ $HeadURL$
  ~ $Id$
  -->
<saml:Assertion xmlns:saml="urn:oasis:names:tc:SAML:2.0:assertion" xmlns:xs="http://www.w3.org/2001/XMLSchema"
                ID="pfx426233b1-9ce1-99cd-c755-19988e670e46" IssueInstant="2012-09-20T10:56:54Z"
                Version="2.0">
    <saml:Issuer>http://fmkwebtest.trifork.netic.dk/idp/saml2/idp/metadata.php
    </saml:Issuer>
    <ds:Signature xmlns:ds="http://www.w3.org/2000/09/xmldsig#">
        <ds:SignedInfo>
            <ds:CanonicalizationMethod Algorithm="http://www.w3.org/2001/10/xml-exc-c14n#" />
            <ds:SignatureMethod Algorithm="http://www.w3.org/2000/09/xmldsig#rsa-sha1" />
            <ds:Reference URI="#pfx426233b1-9ce1-99cd-c755-19988e670e46">
                <ds:Transforms>
                    <ds:Transform
                            Algorithm="http://www.w3.org/2000/09/xmldsig#enveloped-signature" />
                    <ds:Transform Algorithm="http://www.w3.org/2001/10/xml-exc-c14n#" />
                </ds:Transforms>
                <ds:DigestMethod Algorithm="http://www.w3.org/2000/09/xmldsig#sha1" />
                <ds:DigestValue>HUl+9Y5V0kwxMVi53OALpOdCv1U=</ds:DigestValue>
            </ds:Reference>
        </ds:SignedInfo>
        <ds:SignatureValue>JTXzdI/RITS/kR+U4p8NTVcZQS4fpBezOlR8NNRPaIl1Qt4tdQttUFUfyoy2+CVvrSU8+FDUXus5/f1Z9+SbaoHRoRfjBa+HrWJdyed0ucC4xGa3cJH3qWX8eK2acUO2qf7hRrZu1APe0aEvJ6uieLVb2+XhwRWMeBrdYBMvM0I=
        </ds:SignatureValue>
        <ds:KeyInfo>
            <ds:X509Data>
                <ds:X509Certificate>MIICTTCCAbYCCQD52q82OKW2ADANBgkqhkiG9w0BAQUFADBrMQswCQYDVQQGEwJESzETMBEGA1UECBMKU29tZS1TdGF0ZTEQMA4GA1UEChMHVHJpZm9yazEVMBMGA1UEAxMMSmVwcGUgU29tbWVyMR4wHAYJKoZIhvcNAQkBFg9qc29AdHJpZm9yay5jb20wHhcNMTIwMTMwMDkyMTQ1WhcNMjIwMTI3MDkyMTQ1WjBrMQswCQYDVQQGEwJESzETMBEGA1UECBMKU29tZS1TdGF0ZTEQMA4GA1UEChMHVHJpZm9yazEVMBMGA1UEAxMMSmVwcGUgU29tbWVyMR4wHAYJKoZIhvcNAQkBFg9qc29AdHJpZm9yay5jb20wgZ8wDQYJKoZIhvcNAQEBBQADgY0AMIGJAoGBAJuD2eE7Xxuimir/touhisuYsJp8+BRHSx3vSUj2Mg+HiCkj2qlw1YdQF/zgzjiuQK7qxIgw2OUZXrRD4pGPqr/JcQ0vnv9aoxGb75M9NBDOQeYVYQVS2cm6YeibTZ6gjjFbMp2Qj1XH5ww9gKNU0zXmBdLLYubVMrkk9fo2bjnpAgMBAAEwDQYJKoZIhvcNAQEFBQADgYEAKSJuX2QLdrW5nRiM4uLTCZWAsaJtLqFmwRDcOFkZ6O/E9vLDs4IbkWUp/d6N6ed2HHW6bBLG9mXJDO1ti7q/Hbd1ygqMbDLMr06tJy4EljowJlQAZRyHXHmwZ28ooWmZFAyV8/exALjgrgoM/xaGFLrXEhSSNfFzBtkYPe3QnwM=
                </ds:X509Certificate>
            </ds:X509Data>
        </ds:KeyInfo>
    </ds:Signature>
    <saml:Subject>
        <saml:NameID
                Format="urn:oasis:names:tc:SAML:1.1:nameid-format:X509SubjectName">CVR:25767535-RID:1118061020234</saml:NameID>
        <saml:SubjectConfirmation Method="urn:oasis:names:tc:SAML:2.0:cm:bearer">
            <saml:SubjectConfirmationData
                    InResponseTo="_e967146c-d56b-4d74-bd85-3a067ed928c9" NotOnOrAfter="2012-09-20T11:01:54Z"
                    Recipient="http://vronding1:8080/fmk/saml/SAMLAssertionConsumer" />
        </saml:SubjectConfirmation>
    </saml:Subject>
    <saml:Conditions NotBefore="2012-09-20T10:56:24Z"
                     NotOnOrAfter="2012-09-20T11:01:54Z">
        <saml:AudienceRestriction>
            <saml:Audience>http://saml.vronding/fmk-gui</saml:Audience>
        </saml:AudienceRestriction>
    </saml:Conditions>
    <saml:AuthnStatement AuthnInstant="2012-09-20T10:56:54Z"
                         SessionIndex="_c8206074add02a18e78b814f929ffe2c82d7e4da3b">
        <saml:AuthnContext>
            <saml:AuthnContextClassRef>urn:oasis:names:tc:SAML:2.0:ac:classes:Password
            </saml:AuthnContextClassRef>
        </saml:AuthnContext>
    </saml:AuthnStatement>
    <saml:AttributeStatement>
        <saml:Attribute Name="dk:medicinkortet:attribute:yderNummer"
                        NameFormat="urn:oasis:names:tc:SAML:2.0:attrname-format:basic">
            <saml:AttributeValue xmlns:xsi="http://www.w3.org/2001/XMLSchema-instance"
                                 xsi:type="xs:string">18244</saml:AttributeValue>
        </saml:Attribute>
        <saml:Attribute Name="urn:oid:0.9.2342.19200300.100.1.1"
                        NameFormat="urn:oasis:names:tc:SAML:2.0:attrname-format:basic">
            <saml:AttributeValue xmlns:xsi="http://www.w3.org/2001/XMLSchema-instance"
                                 xsi:type="xs:string">CVR:25767535-RID:1118061020234</saml:AttributeValue>
        </saml:Attribute>
        <saml:Attribute Name="urn:oid:2.5.4.4"
                        NameFormat="urn:oasis:names:tc:SAML:2.0:attrname-format:basic">
            <saml:AttributeValue xmlns:xsi="http://www.w3.org/2001/XMLSchema-instance"
                                 xsi:type="xs:string">Dalsgård</saml:AttributeValue>
        </saml:Attribute>
        <saml:Attribute Name="urn:oid:2.5.4.3"
                        NameFormat="urn:oasis:names:tc:SAML:2.0:attrname-format:basic">
            <saml:AttributeValue xmlns:xsi="http://www.w3.org/2001/XMLSchema-instance"
                                 xsi:type="xs:string">Terri Dalsgård</saml:AttributeValue>
        </saml:Attribute>
        <saml:Attribute Name="urn:oid:0.9.2342.19200300.100.1.3"
                        NameFormat="urn:oasis:names:tc:SAML:2.0:attrname-format:basic">
            <saml:AttributeValue xmlns:xsi="http://www.w3.org/2001/XMLSchema-instance"
                                 xsi:type="xs:string">certifikat@tdc.dk</saml:AttributeValue>
        </saml:Attribute>
        <saml:Attribute Name="dk:gov:saml:attribute:AssuranceLevel"
                        NameFormat="urn:oasis:names:tc:SAML:2.0:attrname-format:basic">
            <saml:AttributeValue xmlns:xsi="http://www.w3.org/2001/XMLSchema-instance"
                                 xsi:type="xs:string">2</saml:AttributeValue>
        </saml:Attribute>
        <saml:Attribute Name="dk:gov:saml:attribute:SpecVer"
                        NameFormat="urn:oasis:names:tc:SAML:2.0:attrname-format:basic">
            <saml:AttributeValue xmlns:xsi="http://www.w3.org/2001/XMLSchema-instance"
                                 xsi:type="xs:string">DK-SAML-2.0</saml:AttributeValue>
        </saml:Attribute>
        <saml:Attribute Name="dk:gov:saml:attribute:CvrNumberIdentifier"
                        NameFormat="urn:oasis:names:tc:SAML:2.0:attrname-format:basic">
            <saml:AttributeValue xmlns:xsi="http://www.w3.org/2001/XMLSchema-instance"
                                 xsi:type="xs:string">25767535</saml:AttributeValue>
        </saml:Attribute>
        <saml:Attribute Name="urn:oid:2.5.4.5"
                        NameFormat="urn:oasis:names:tc:SAML:2.0:attrname-format:basic">
            <saml:AttributeValue xmlns:xsi="http://www.w3.org/2001/XMLSchema-instance"
                                 xsi:type="xs:string">4036ac0b</saml:AttributeValue>
        </saml:Attribute>
        <saml:Attribute Name="urn:oid:2.5.4.10"
                        NameFormat="urn:oasis:names:tc:SAML:2.0:attrname-format:basic">
            <saml:AttributeValue xmlns:xsi="http://www.w3.org/2001/XMLSchema-instance"
                                 xsi:type="xs:string">TDC TOTALLØSNINGER A/S</saml:AttributeValue>
        </saml:Attribute>
        <saml:Attribute Name="dk:gov:saml:attribute:IsYouthCert"
                        NameFormat="urn:oasis:names:tc:SAML:2.0:attrname-format:basic">
            <saml:AttributeValue xmlns:xsi="http://www.w3.org/2001/XMLSchema-instance"
                                 xsi:type="xs:string">false</saml:AttributeValue>
        </saml:Attribute>
        <saml:Attribute Name="urn:oid:1.3.6.1.4.1.1466.115.121.1.8"
                        NameFormat="urn:oasis:names:tc:SAML:2.0:attrname-format:basic">
            <saml:AttributeValue xmlns:xsi="http://www.w3.org/2001/XMLSchema-instance"
                                 xsi:type="xs:string">MIIFADCCBGmgAwIBAgIEQDasCzANBgkqhkiG9w0BAQUFADA/MQswCQYDVQQGEwJESzEMMAoGA1UEChMDVERDMSIwIAYDVQQDExlUREMgT0NFUyBTeXN0ZW10ZXN0IENBIElJMB4XDTA3MDYwODA3NTA1N1oXDTA5MDYwODA4MjA1N1owfTELMAkGA1UEBhMCREsxLzAtBgNVBAoUJlREQyBUT1RBTEzYU05JTkdFUiBBL1MgLy8gQ1ZSOjI1NzY3NTM1MT0wFAYDVQQDEw1UZXN0IEJydWdlciAxMCUGA1UEBRMeQ1ZSOjI1NzY3NTM1LVJJRDoxMTE4MDYxMDIwMjMyMIGfMA0GCSqGSIb3DQEBAQUAA4GNADCBiQKBgQCvaqnWzxjfOVtULu0UDXImBSRrrFPNpwYk/gTcBaSTV9/wGzEYerYRIQr2ttsfPomkE1ZX2tHL4Q1BtuDiZw+0a6P4AfHjYBC9GA3pdr4xOZ6G7WBsMwiBO51ISvJylnfB4kOAFzQ5zEGVzpoFMDIw8kacsM+KUOAtnnA6h4UVLQIDAQABo4ICyTCCAsUwDgYDVR0PAQH/BAQDAgP4MCsGA1UdEAQkMCKADzIwMDcwNjA4MDc1MDU3WoEPMjAwOTA2MDgwODIwNTdaMEYGCCsGAQUFBwEBBDowODA2BggrBgEFBQcwAYYqaHR0cDovL3Rlc3Qub2NzcC5jZXJ0aWZpa2F0LmRrL29jc3Avc3RhdHVzMIIBAwYDVR0gBIH7MIH4MIH1BgkpAQEBAQEBAQIwgecwLwYIKwYBBQUHAgEWI2h0dHA6Ly93d3cuY2VydGlmaWthdC5kay9yZXBvc2l0b3J5MIGzBggrBgEFBQcCAjCBpjAKFgNUREMwAwIBARqBl1REQyBUZXN0IENlcnRpZmlrYXRlciBmcmEgZGVubmUgQ0EgdWRzdGVkZXMgdW5kZXIgT0lEIDEuMS4xLjEuMS4xLjEuMS4xLjIuIFREQyBUZXN0IENlcnRpZmljYXRlcyBmcm9tIHRoaXMgQ0EgYXJlIGlzc3VlZCB1bmRlciBPSUQgMS4xLjEuMS4xLjEuMS4xLjEuMi4wGgYJYIZIAYb4QgENBA0WC2VtcGxveWVlV2ViMBwGA1UdEQQVMBOBEWNlcnRpZmlrYXRAdGRjLmRrMIGWBgNVHR8EgY4wgYswVqBUoFKkUDBOMQswCQYDVQQGEwJESzEMMAoGA1UEChMDVERDMSIwIAYDVQQDExlUREMgT0NFUyBTeXN0ZW10ZXN0IENBIElJMQ0wCwYDVQQDEwRDUkw1MDGgL6AthitodHRwOi8vdGVzdC5jcmwub2Nlcy5jZXJ0aWZpa2F0LmRrL29jZXMuY3JsMB8GA1UdIwQYMBaAFByYCUcaTDi5EMUEKVvx9E6Aasx+MB0GA1UdDgQWBBQlt8pB8JxckqzTN99Lv2bpkWS1CjAJBgNVHRMEAjAAMBkGCSqGSIb2fQdBAAQMMAobBFY3LjEDAgOoMA0GCSqGSIb3DQEBBQUAA4GBAGTIAUU399zIwK4CIWbkzmNHFwy675sXNTfmhBWVytHL8Sgu//GDuTEcq7Q4rD0aEQfnXd/gP66Rot38eXVWL6IU8pYDYLN0balmAoVaJG62wihiLz95zs7LUJRBIFAtD3vWNwK9GlNQo5z4LkJbAMtyhrd/0N3i4PxR+NCMbzCa
            </saml:AttributeValue>
        </saml:Attribute>
        <saml:Attribute Name="dk:gov:saml:attribute:RidNumberIdentifier"
                        NameFormat="urn:oasis:names:tc:SAML:2.0:attrname-format:basic">
            <saml:AttributeValue xmlns:xsi="http://www.w3.org/2001/XMLSchema-instance"
                                 xsi:type="xs:string">1118061020235</saml:AttributeValue>
        </saml:Attribute>
        <saml:Attribute Name="dk:gov:saml:attribute:CprNumberIdentifier"
                        NameFormat="urn:oasis:names:tc:SAML:2.0:attrname-format:basic">
            <saml:AttributeValue xmlns:xsi="http://www.w3.org/2001/XMLSchema-instance"
                                 xsi:type="xs:string">0101584162</saml:AttributeValue>
        </saml:Attribute>
    </saml:AttributeStatement>
</saml:Assertion>