<?xml version="1.0" encoding="UTF-8"?>
<!--
  ~ The MIT License
  ~
  ~ Original work sponsored and donated by National Board of e-Health (NSI), Denmark (http://www.nsi.dk)
  ~
  ~ Copyright (C) 2011 National Board of e-Health (NSI), Denmark (http://www.nsi.dk)
  ~
  ~ Permission is hereby granted, free of charge, to any person obtaining a copy of
  ~ this software and associated documentation files (the "Software"), to deal in
  ~ the Software without restriction, including without limitation the rights to
  ~ use, copy, modify, merge, publish, distribute, sublicense, and/or sell copies
  ~ of the Software, and to permit persons to whom the Software is furnished to do
  ~ so, subject to the following conditions:
  ~
  ~ The above copyright notice and this permission notice shall be included in all
  ~ copies or substantial portions of the Software.
  ~
  ~ THE SOFTWARE IS PROVIDED "AS IS", WITHOUT WARRANTY OF ANY KIND, EXPRESS OR
  ~ IMPLIED, INCLUDING BUT NOT LIMITED TO THE WARRANTIES OF MERCHANTABILITY,
  ~ FITNESS FOR A PARTICULAR PURPOSE AND NONINFRINGEMENT. IN NO EVENT SHALL THE
  ~ AUTHORS OR COPYRIGHT HOLDERS BE LIABLE FOR ANY CLAIM, DAMAGES OR OTHER
  ~ LIABILITY, WHETHER IN AN ACTION OF CONTRACT, TORT OR OTHERWISE, ARISING FROM,
  ~ OUT OF OR IN CONNECTION WITH THE SOFTWARE OR THE USE OR OTHER DEALINGS IN THE
  ~ SOFTWARE.
  ~
  ~ $HeadURL$
  ~ $Id$
  -->
<Assertion xmlns="urn:oasis:names:tc:SAML:2.0:assertion" ID="_30c5ecce-9108-4df2-bee2-2d1358973444" IssueInstant="2012-07-03T09:40:56.026Z" Version="2.0">
    <Issuer>https://saml.test-nemlog-in.dk/</Issuer>
    <ds:Signature xmlns:ds="http://www.w3.org/2000/09/xmldsig#">
        <ds:SignedInfo>
            <ds:CanonicalizationMethod Algorithm="http://www.w3.org/2001/10/xml-exc-c14n#"/>
            <ds:SignatureMethod Algorithm="http://www.w3.org/2000/09/xmldsig#rsa-sha1"/>
            <ds:Reference URI="#_30c5ecce-9108-4df2-bee2-2d1358973444">
                <ds:Transforms>
                    <ds:Transform Algorithm="http://www.w3.org/2000/09/xmldsig#enveloped-signature"/>
                    <ds:Transform Algorithm="http://www.w3.org/2001/10/xml-exc-c14n#"/>
                </ds:Transforms>
                <ds:DigestMethod Algorithm="http://www.w3.org/2000/09/xmldsig#sha1"/>
                <ds:DigestValue>/Pq32WkinDHzUrpc5LRliT+B3ls=</ds:DigestValue>
            </ds:Reference>
        </ds:SignedInfo>
        <ds:SignatureValue>hPlEEGqi/wACdZpWQH7eaYhNfwByI2jFBT9MJ6VkkxWA6sjyMiTdBHL4lpob1v8jJwCROUA6bHt6kms6KxZvX3oLwvu0Ae1PERcl6sP3WXsruqg06cM0aeKjgLi4SQS/OyzigMx06m80HGeNT3OeH9gROHvkhWvmz2EsQHYXtlflPnWFPhC2REF6C5UPUUPouD1QlMG7KLG+5SZ5D+aP+aIFw4RaMEyF71350ZAQKyS+JwJCk96P4rhSM23p8XvobFIlRWT6G3MO5QkKTeizedZ6k6+ZyJHsbxO9oWz2THHnpFx0IMD9HeY7+l+xIcqkCxeI20K6mlatK4U601uh5g==</ds:SignatureValue>
        <KeyInfo xmlns="http://www.w3.org/2000/09/xmldsig#">
            <ds:X509Data>
                <ds:X509Certificate>MIIFrTCCBRagAwIBAgIEQDgeoDANBgkqhkiG9w0BAQUFADA/MQswCQYDVQQGEwJESzEMMAoGA1UEChMDVERDMSIwIAYDVQQDExlUREMgT0NFUyBTeXN0ZW10ZXN0IENBIElJMB4XDTEyMDUwNzEzMDIzN1oXDTE0MDUwNzEzMzIzN1owgaIxCzAJBgNVBAYTAkRLMTEwLwYDVQQKEyhEaWdpdGFsaXNlcmluZ3NzdHlyZWxzZW4gLy8gQ1ZSOjM0MDUxMTc4MWAwJQYDVQQFEx5DVlI6MzQwNTExNzgtVUlEOjEzMzYwNTUxMTA0NTEwNwYDVQQDEzBEaWdpdGFsaXNlcmluZ3NzdHlyZWxzZW4gLSBEaWdzdCAtIE5lbUxvZy1pbiBUZXMwggEiMA0GCSqGSIb3DQEBAQUAA4IBDwAwggEKAoIBAQDnV90kgwkzKmuCtfAb2OORg6DufFoLekR1jDfRyf8qYIkAGEELYiNuatR8o29/gEWibNy/W9i0cMNH44e9t6cPf6GXqqQlFxbV6SWuX4LPMsq7kJiWw+kkV3Ac66jsKVEJduSxHRKfNiFq3Fg4AAFn7TsvQSAapHZXUwMpTNXfqq6BkO9RvJjkMlj3TpDGIgiRMWyQmH84RsL/SjgiLDbkesCToWr8GylQVCascIfihwxxDNM3QJmzt7oZuYX1+uZkQayq57vZxqGldvnhTuAjCNt7nN76Doy584D7kzPU2vrad0sNUrcvPzzHQBj2aKgwuhColBOtLOjcELtKn0C7AgMBAAGjggLMMIICyDAOBgNVHQ8BAf8EBAMCA7gwKwYDVR0QBCQwIoAPMjAxMjA1MDcxMzAyMzdagQ8yMDE0MDUwNzEzMzIzN1owRgYIKwYBBQUHAQEEOjA4MDYGCCsGAQUFBzABhipodHRwOi8vdGVzdC5vY3NwLmNlcnRpZmlrYXQuZGsvb2NzcC9zdGF0dXMwggEDBgNVHSAEgfswgfgwgfUGCSkBAQEBAQEBAzCB5zAvBggrBgEFBQcCARYjaHR0cDovL3d3dy5jZXJ0aWZpa2F0LmRrL3JlcG9zaXRvcnkwgbMGCCsGAQUFBwICMIGmMAoWA1REQzADAgEBGoGXVERDIFRlc3QgQ2VydGlmaWthdGVyIGZyYSBkZW5uZSBDQSB1ZHN0ZWRlcyB1bmRlciBPSUQgMS4xLjEuMS4xLjEuMS4xLjEuMy4gVERDIFRlc3QgQ2VydGlmaWNhdGVzIGZyb20gdGhpcyBDQSBhcmUgaXNzdWVkIHVuZGVyIE9JRCAxLjEuMS4xLjEuMS4xLjEuMS4zLjAcBglghkgBhvhCAQ0EDxYNb3JnYW5XZWJOb0RpcjAcBgNVHREEFTATgRFuZW1sb2dpbkBkaWdzdC5kazCBlwYDVR0fBIGPMIGMMFegVaBTpFEwTzELMAkGA1UEBhMCREsxDDAKBgNVBAoTA1REQzEiMCAGA1UEAxMZVERDIE9DRVMgU3lzdGVtdGVzdCBDQSBJSTEOMAwGA1UEAxMFQ1JMMzIwMaAvoC2GK2h0dHA6Ly90ZXN0LmNybC5vY2VzLmNlcnRpZmlrYXQuZGsvb2Nlcy5jcmwwHwYDVR0jBBgwFoAUHJgJRxpMOLkQxQQpW/H0ToBqzH4wHQYDVR0OBBYEFKhWlVALv2E2JYC8SQPu2jvRXVjqMAkGA1UdEwQCMAAwGQYJKoZIhvZ9B0EABAwwChsEVjcuMQMCA6gwDQYJKoZIhvcNAQEFBQADgYEAQlw2hwwrFX9rehfxsMDkiOJGLJcVmSpK9bA/qDUCr8EU4aBfBE+oIHaAQxmrG9Rsvyhf1rUE+Cir2GQsS5gcG9zIhwEwtCitQutM7dOJ1eIbApmHF8bHike8eouerTcroqM6EY8TbfEkDEtDuQxk+GqbCh5gpKg243ZLZiG3Aes=</ds:X509Certificate>
            </ds:X509Data>
        </KeyInfo>
    </ds:Signature>
    <Subject>
        <NameID Format="urn:oasis:names:tc:SAML:1.1:nameid-format:X509SubjectName">C=DK,O=SIGNATURGRUPPEN A/S // CVR:29915938,CN=Søren Test Mors,Serial=CVR:29915938-RID:soren</NameID>
        <SubjectConfirmation Method="urn:oasis:names:tc:SAML:2.0:cm:bearer">
            <SubjectConfirmationData InResponseTo="id2e070c8a57284ef2be419c4f42366803" NotOnOrAfter="2012-07-03T09:45:56.041Z" Recipient="https://remote.signaturgruppen.dk/nemlogin/unsecure/logon.ashx"/>
        </SubjectConfirmation>
    </Subject>
    <Conditions NotBefore="2012-07-03T09:40:55.963Z" NotOnOrAfter="2012-07-03T10:40:55.963Z">
        <AudienceRestriction>
            <Audience>https://saml.remote.signaturgruppen.dk</Audience>
        </AudienceRestriction>
    </Conditions>
    <AttributeStatement>
        <Attribute Name="urn:oid:2.5.4.5" NameFormat="urn:oasis:names:tc:SAML:2.0:attrname-format:basic">
            <AttributeValue>4037AB6C</AttributeValue>
        </Attribute>
        <Attribute Name="urn:oid:2.5.4.3" NameFormat="urn:oasis:names:tc:SAML:2.0:attrname-format:basic">
            <AttributeValue>Søren Test Mors</AttributeValue>
        </Attribute>
        <Attribute Name="dk:gov:saml:attribute:CvrNumberIdentifier" NameFormat="urn:oasis:names:tc:SAML:2.0:attrname-format:basic">
            <AttributeValue>29915938</AttributeValue>
        </Attribute>
        <Attribute Name="dk:gov:saml:attribute:RidNumberIdentifier" NameFormat="urn:oasis:names:tc:SAML:2.0:attrname-format:basic">
            <AttributeValue>soren</AttributeValue>
        </Attribute>
        <Attribute Name="urn:oid:0.9.2342.19200300.100.1.1" NameFormat="urn:oasis:names:tc:SAML:2.0:attrname-format:basic">
            <AttributeValue>CVR:29915938-RID:soren</AttributeValue>
        </Attribute>
        <Attribute Name="urn:oid:0.9.2342.19200300.100.1.3" NameFormat="urn:oasis:names:tc:SAML:2.0:attrname-format:basic">
            <AttributeValue>soren@signaturgruppen.dk</AttributeValue>
        </Attribute>
        <Attribute Name="dk:gov:saml:attribute:SpecVer" NameFormat="urn:oasis:names:tc:SAML:2.0:attrname-format:basic">
            <AttributeValue>DK-SAML-2.0</AttributeValue>
        </Attribute>
        <Attribute Name="dk:gov:saml:attribute:AssuranceLevel" NameFormat="urn:oasis:names:tc:SAML:2.0:attrname-format:basic">
            <AttributeValue>3</AttributeValue>
        </Attribute>
        <Attribute Name="urn:oid:2.5.4.4" NameFormat="urn:oasis:names:tc:SAML:2.0:attrname-format:basic">
            <AttributeValue/>
        </Attribute>
        <Attribute Name="urn:oid:2.5.4.10" NameFormat="urn:oasis:names:tc:SAML:2.0:attrname-format:basic">
            <AttributeValue>SIGNATURGRUPPEN A/S // CVR:29915938</AttributeValue>
        </Attribute>
        <Attribute Name="urn:oid:1.3.6.1.4.1.1466.115.121.1.8" NameFormat="urn:oasis:names:tc:SAML:2.0:attrname-format:basic">
            <AttributeValue>MIIE/zCCBGigAwIBAgIEQDerbDANBgkqhkiG9w0BAQUFADA/MQswCQYDVQQGEwJESzEMMAoGA1UEChMDVERDMSIwIAYDVQQDExlUREMgT0NFUyBTeXN0ZW10ZXN0IENBIElJMB4XDTEwMTAyNTEyMzgwM1oXDTEyMTAyNTEzMDgwM1owdDELMAkGA1UEBhMCREsxLDAqBgNVBAoTI1NJR05BVFVSR1JVUFBFTiBBL1MgLy8gQ1ZSOjI5OTE1OTM4MTcwFgYDVQQDFA9T+HJlbiBUZXN0IE1vcnMwHQYDVQQFExZDVlI6Mjk5MTU5MzgtUklEOnNvcmVuMIGfMA0GCSqGSIb3DQEBAQUAA4GNADCBiQKBgQDWzaMGglO1H7/sAhpFDiIzH3mBgz3aMCPhR4Wv6IhZ3zo0X8SxGlLwztdjZdIra0BR1pnY/RSnln580jqQOAGdJQEWIS/Wq8xLYn0FxQWGKi28AabCj5aPCUiYI6lK+mWJoxnKM5l7tL0roimq1UfhDOPKN1YzChsYCxFyKQAs3wIDAQABo4IC0TCCAs0wDgYDVR0PAQH/BAQDAgP4MCsGA1UdEAQkMCKADzIwMTAxMDI1MTIzODAzWoEPMjAxMjEwMjUxMzA4MDNaMEYGCCsGAQUFBwEBBDowODA2BggrBgEFBQcwAYYqaHR0cDovL3Rlc3Qub2NzcC5jZXJ0aWZpa2F0LmRrL29jc3Avc3RhdHVzMIIBAwYDVR0gBIH7MIH4MIH1BgkpAQEBAQEBAQIwgecwLwYIKwYBBQUHAgEWI2h0dHA6Ly93d3cuY2VydGlmaWthdC5kay9yZXBvc2l0b3J5MIGzBggrBgEFBQcCAjCBpjAKFgNUREMwAwIBARqBl1REQyBUZXN0IENlcnRpZmlrYXRlciBmcmEgZGVubmUgQ0EgdWRzdGVkZXMgdW5kZXIgT0lEIDEuMS4xLjEuMS4xLjEuMS4xLjIuIFREQyBUZXN0IENlcnRpZmljYXRlcyBmcm9tIHRoaXMgQ0EgYXJlIGlzc3VlZCB1bmRlciBPSUQgMS4xLjEuMS4xLjEuMS4xLjEuMi4wGgYJYIZIAYb4QgENBA0WC2VtcGxveWVlV2ViMCMGA1UdEQQcMBqBGHNvcmVuQHNpZ25hdHVyZ3J1cHBlbi5kazCBlwYDVR0fBIGPMIGMMFegVaBTpFEwTzELMAkGA1UEBhMCREsxDDAKBgNVBAoTA1REQzEiMCAGA1UEAxMZVERDIE9DRVMgU3lzdGVtdGVzdCBDQSBJSTEOMAwGA1UEAxMFQ1JMMjQwMaAvoC2GK2h0dHA6Ly90ZXN0LmNybC5vY2VzLmNlcnRpZmlrYXQuZGsvb2Nlcy5jcmwwHwYDVR0jBBgwFoAUHJgJRxpMOLkQxQQpW/H0ToBqzH4wHQYDVR0OBBYEFIKliq4Ts//Zs68BMtePQzui1s4KMAkGA1UdEwQCMAAwGQYJKoZIhvZ9B0EABAwwChsEVjcuMQMCA6gwDQYJKoZIhvcNAQEFBQADgYEAq9hH3aej9KRyls7YQGOdlPhPLOA/Tn6WEu+PHCkE0+JaBibDAf5UiCJFf4hwOQLcaOEiYEode5XssYsr7rGQtHcH885LvEt9FEpEEfU8Ez93Xq+yMZuROjErwyf5fvA2jvPkqAAx8uMju4VMSh6Ky7a03ecrc9+1eiN9gfwmmhE=</AttributeValue>
        </Attribute>
        <Attribute Name="urn:oid:2.5.29.29" NameFormat="urn:oasis:names:tc:SAML:2.0:attrname-format:basic">
            <AttributeValue>CN=TDC OCES Systemtest CA II, O=TDC, C=DK</AttributeValue>
        </Attribute>
    </AttributeStatement>
    <AuthnStatement AuthnInstant="2012-07-03T09:40:46.104Z" SessionIndex="_30c5ecce-9108-4df2-bee2-2d1358973444">
        <AuthnContext>
            <AuthnContextClassRef>element:urn:oasis:names:tc:SAML:2.0:ac:classes:X509</AuthnContextClassRef>
        </AuthnContext>
    </AuthnStatement>
</Assertion>